{"level":"info","message":"GET /api/products/:685e81e02f59a363e2a62b67","service":"request","timestamp":"2025-06-27 06:32:51"}
{"level":"info","message":"GET /api/products/685e81e02f59a363e2a62b67","service":"request","timestamp":"2025-06-27 06:33:07"}
{"level":"info","message":"GET /api/products/685e81e02f59a363e2a62b67","service":"request","timestamp":"2025-06-27 06:38:29"}
{"level":"info","message":"POST /api/products","service":"request","timestamp":"2025-06-27 06:38:41"}
{"level":"info","message":"POST /api/products","service":"request","timestamp":"2025-06-27 06:38:51"}
{"level":"info","message":"POST /api/products","service":"request","timestamp":"2025-06-27 06:42:33"}
{"level":"info","message":"POST /api/products","service":"request","timestamp":"2025-06-27 06:57:28"}
{"level":"info","message":"GET /api/products/test-error","service":"request","timestamp":"2025-06-27 07:03:30"}
{"level":"info","message":"GET /api/products/test-error","service":"request","timestamp":"2025-06-27 07:04:41"}
{"level":"info","message":"GET /api/products/test-error","service":"request","timestamp":"2025-06-27 07:28:11"}
{"level":"info","message":"GET /api/products/test-error","service":"request","timestamp":"2025-06-27 07:29:48"}
{"level":"info","message":"GET /api/products/test-error","service":"request","timestamp":"2025-06-27 07:31:41"}
{"level":"info","message":"GET /api/products/test-error","service":"request","timestamp":"2025-06-27 07:37:45"}
{"level":"info","message":"request - GET /api/products/test-error","timestamp":"2025-06-27 07:54:55"}
{"level":"info","message":"request - GET /api/products/test-error","timestamp":"2025-06-27 07:57:04"}
{"level":"info","message":"request - GET /api/products/test-error","timestamp":"2025-06-27 08:04:18"}
{"level":"info","message":"GET /api/products/test-error","service":"request","timestamp":"2025-06-27 08:07:22"}
{"level":"info","message":"GET /api/products/","service":"request","timestamp":"2025-06-27 08:24:09"}
{"level":"info","message":"GET /api/products/685e90db58d21a9655a98da7","service":"request","timestamp":"2025-06-27 08:24:18"}
{"level":"info","message":"GET /api/products/test-error","service":"request","timestamp":"2025-06-27 08:27:24"}
{"level":"info","message":"GET /api/products/test-error","service":"request","timestamp":"2025-06-27 08:31:32"}
{"level":"error","message":"Este es el error","service":"productController","timestamp":"2025-06-27 08:31:32"}
{"level":"info","message":"GET /api/products/test-error","service":"request","timestamp":"2025-06-27 08:34:21"}
{"level":"error","message":"Este es el error","service":"productController","timestamp":"2025-06-27 08:34:21"}
{"level":"info","message":"GET /api/products/test-error","service":"request","timestamp":"2025-06-27 08:35:28"}
{"level":"error","message":"Este es el error","service":"productController","timestamp":"2025-06-27 08:35:29"}
{"level":"info","message":"GET /api/products/","service":"request","timestamp":"2025-06-27 08:38:12"}
{"level":"info","message":"GET /api/products/685e81e02f59a363e2a62b67","service":"request","timestamp":"2025-06-27 08:38:26"}
{"level":"info","message":"GET /api/products","service":"request","timestamp":"2025-06-27 18:07:30"}
{"level":"info","message":"GET /api/products","service":"request","timestamp":"2025-06-27 18:13:31"}
{"level":"info","message":"GET /api/products","service":"request","timestamp":"2025-06-27 18:13:32"}
{"level":"info","message":"GET /api/products","service":"request","timestamp":"2025-06-27 18:13:55"}
{"level":"info","message":"GET /api/products","service":"request","timestamp":"2025-06-27 18:13:55"}
{"level":"info","message":"GET /api/products","service":"request","timestamp":"2025-06-27 18:17:00"}
{"level":"info","message":"GET /api/products","service":"request","timestamp":"2025-06-27 18:17:00"}
{"level":"info","message":"GET /api/products","service":"request","timestamp":"2025-06-27 18:17:07"}
{"level":"info","message":"GET /api/products","service":"request","timestamp":"2025-06-27 18:17:07"}
{"level":"info","message":"GET /api/products","service":"request","timestamp":"2025-06-27 18:18:03"}
{"level":"info","message":"GET /api/products","service":"request","timestamp":"2025-06-27 18:18:03"}
{"level":"info","message":"GET /api/products","service":"request","timestamp":"2025-06-27 18:18:05"}
{"level":"info","message":"GET /api/products","service":"request","timestamp":"2025-06-27 18:18:05"}
{"level":"info","message":"GET /api/products","service":"request","timestamp":"2025-06-27 18:19:22"}
{"level":"info","message":"GET /api/products","service":"request","timestamp":"2025-06-27 18:19:22"}
{"level":"info","message":"GET /api/products","service":"request","timestamp":"2025-06-27 18:19:33"}
{"level":"info","message":"GET /api/products","service":"request","timestamp":"2025-06-27 18:19:33"}
{"level":"info","message":"GET /api/products","service":"request","timestamp":"2025-06-27 18:20:13"}
{"level":"info","message":"GET /api/products","service":"request","timestamp":"2025-06-27 18:20:13"}
{"level":"info","message":"GET /api/products","service":"request","timestamp":"2025-06-27 18:22:45"}
{"level":"info","message":"GET /api/products","service":"request","timestamp":"2025-06-27 18:34:33"}
{"level":"info","message":"GET /api/products","service":"request","timestamp":"2025-06-27 18:34:34"}
{"level":"info","message":"GET /api/products","service":"request","timestamp":"2025-06-27 18:34:39"}
{"level":"info","message":"GET /api/products","service":"request","timestamp":"2025-06-27 18:34:39"}
{"level":"info","message":"GET /api/products","service":"request","timestamp":"2025-06-27 18:35:38"}
{"level":"info","message":"GET /api/products","service":"request","timestamp":"2025-06-27 18:35:39"}
{"level":"info","message":"GET /api/products","service":"request","timestamp":"2025-06-27 18:35:59"}
{"level":"info","message":"GET /api/products","service":"request","timestamp":"2025-06-27 18:35:59"}
{"level":"info","message":"GET /api/products","service":"request","timestamp":"2025-06-27 18:36:42"}
{"level":"info","message":"GET /api/products","service":"request","timestamp":"2025-06-27 18:36:42"}
{"level":"info","message":"GET /api/products","service":"request","timestamp":"2025-06-27 18:37:43"}
{"level":"info","message":"GET /api/products","service":"request","timestamp":"2025-06-27 18:37:43"}
{"level":"info","message":"GET /api/products","service":"request","timestamp":"2025-06-27 18:38:47"}
{"level":"info","message":"GET /api/products","service":"request","timestamp":"2025-06-27 18:38:47"}
{"level":"info","message":"GET /api/products","service":"request","timestamp":"2025-06-27 18:39:54"}
{"level":"info","message":"GET /api/products","service":"request","timestamp":"2025-06-27 18:39:54"}
{"level":"info","message":"GET /api/products","service":"request","timestamp":"2025-06-27 18:41:33"}
{"level":"info","message":"GET /api/products","service":"request","timestamp":"2025-06-27 18:41:33"}
